xmelab(64): 23.03-s013: (c) Copyright 1995-2024 Cadence Design Systems, Inc.
TOOL:	xmelab(64)	23.03-s013: Started on Oct 04, 2024 at 16:56:48 KST
xmelab
    -MESS
    -access rwc
    tb_mux4x1

	Elaborating the design hierarchy:
		Caching library 'data_flow_lib' ....... Done
	Building instance overlay tables: .................... Done
	Generating native compiled code:
		data_flow_lib.MUX4X1:module <0x5f9d337e>
			streams:   0, words:     0
		data_flow_lib.tb_mux4x1:module <0x7ba5f081>
			streams:   8, words:  9913
	Building instance specific data structures.
	Loading native compiled code:     .................... Done
	Design hierarchy summary:
		                 Instances  Unique
		Modules:                 2       2
		Registers:               6       6
		Scalar wires:            7       -
		Initial blocks:          1       1
		Cont. assignments:       0       1
		Pseudo assignments:      6       -
		Simulation timescale:  1ps
	Writing initial simulation snapshot: data_flow_lib.tb_mux4x1:module
TOOL:	xmelab(64)	23.03-s013: Exiting on Oct 04, 2024 at 16:56:48 KST  (total: 00:00:00)
