xmsim(64): 23.03-s013: (c) Copyright 1995-2024 Cadence Design Systems, Inc.
TOOL:	xmsim(64)	23.03-s013: Started on Dec 11, 2024 at 13:06:57 KST
xmsim
    -MESS
    tb_adder
    -gui

xmsim: *W,NOMTDGUI: Multi-Threaded Dumping is disabled for interactive debug mode.

-------------------------------------
Relinquished control to SimVision...
xcelium> 
xcelium> database -open waves -into waves.shm -default
Created default SHM database waves
xcelium> probe -create -shm tb_adder.clk tb_adder.fin tb_adder.in1 tb_adder.in2 tb_adder.in3 tb_adder.in4 tb_adder.rst_n tb_adder.sum
Created probe 1
xcelium> run
Simulation complete via $finish(1) at time 290 NS + 0
../src/tb_adder.v:67 $finish;
xcelium> ^C
xcelium> exit
TOOL:	xmsim(64)	23.03-s013: Exiting on Dec 11, 2024 at 13:09:43 KST  (total: 00:02:46)
